Deploy complete @ Sun Apr 29 2018 14:31:18 GMT-0700 (PDT). added/changed 1 file(s): assets/script.js.
Deploy complete @ Sun Apr 29 2018 14:31:37 GMT-0700 (PDT). added/changed 1 file(s): assets/front.js.
Deploy complete @ Sun Apr 29 2018 14:32:17 GMT-0700 (PDT). added/changed 1 file(s): layout/theme.liquid.
Deploy complete @ Sun Apr 29 2018 14:34:32 GMT-0700 (PDT). added/changed 1 file(s): assets/jq.js.
Deploy complete @ Sun Apr 29 2018 14:34:34 GMT-0700 (PDT). added/changed 1 file(s): assets/jq.js.
Deploy complete @ Sun Apr 29 2018 14:35:24 GMT-0700 (PDT). added/changed 1 file(s): assets/front.js.
Deploy complete @ Sun Apr 29 2018 14:35:56 GMT-0700 (PDT). added/changed 1 file(s): assets/front.js.
Deploy complete @ Sun Apr 29 2018 14:36:11 GMT-0700 (PDT). added/changed 1 file(s): assets/front.js.
Deploy complete @ Sun Apr 29 2018 14:36:13 GMT-0700 (PDT). added/changed 1 file(s): assets/front.js.
Deploy complete @ Sun Apr 29 2018 14:38:55 GMT-0700 (PDT). added/changed 1 file(s): assets/bs.js.
Deploy complete @ Sun Apr 29 2018 14:38:57 GMT-0700 (PDT). added/changed 1 file(s): assets/bs.js.
Deploy complete @ Sun Apr 29 2018 14:39:03 GMT-0700 (PDT). added/changed 1 file(s): layout/theme.liquid.
Deploy complete @ Sun Apr 29 2018 14:41:36 GMT-0700 (PDT). added/changed 1 file(s): assets/front.js.
Deploy complete @ Sun Apr 29 2018 14:42:17 GMT-0700 (PDT). added/changed 1 file(s): sections/hero.liquid.
Deploy complete @ Sun Apr 29 2018 14:42:57 GMT-0700 (PDT). added/changed 1 file(s): assets/front.js.
Deploy complete @ Sun Apr 29 2018 14:43:03 GMT-0700 (PDT). added/changed 1 file(s): assets/front.js.
Deploy complete @ Sun Apr 29 2018 14:43:17 GMT-0700 (PDT). added/changed 2 file(s): assets/front.js, assets/front.js.
Deploy complete @ Sun Apr 29 2018 14:43:50 GMT-0700 (PDT). added/changed 1 file(s): assets/front.js.
Deploy complete @ Mon Apr 30 2018 06:55:21 GMT-0700 (PDT). added/changed 1 file(s): layout/theme.liquid.
Deploy complete @ Mon Apr 30 2018 06:56:47 GMT-0700 (PDT). added/changed 1 file(s): layout/theme.liquid.
Deploy complete @ Mon Apr 30 2018 06:58:03 GMT-0700 (PDT). added/changed 1 file(s): layout/theme.liquid.
Deploy complete @ Mon Apr 30 2018 06:58:18 GMT-0700 (PDT). added/changed 1 file(s): layout/theme.liquid.
Deploy complete @ Mon Apr 30 2018 06:58:22 GMT-0700 (PDT). added/changed 1 file(s): layout/theme.liquid.
Deploy complete @ Mon Apr 30 2018 07:02:33 GMT-0700 (PDT). added/changed 1 file(s): sections/hero.liquid.
Deploy complete @ Mon Apr 30 2018 07:03:52 GMT-0700 (PDT). added/changed 1 file(s): sections/hero.liquid.
Deploy complete @ Mon Apr 30 2018 07:04:04 GMT-0700 (PDT). added/changed 1 file(s): sections/hero.liquid.
Deploy complete @ Mon Apr 30 2018 07:04:09 GMT-0700 (PDT). added/changed 1 file(s): assets/front.js.
Deploy complete @ Mon Apr 30 2018 07:05:03 GMT-0700 (PDT). added/changed 1 file(s): sections/hero.liquid.
